  OpenCVAppGUIDlg.cpp
D:\sample_opencv\third_party\opencv_470\build\include\opencv2\core.hpp(1747,1): warning C4819: 현재 코드 페이지(949)에서 표시할 수 없는 문자가 파일에 들어 있습니다. 데이터가 손실되지 않게 하려면 해당 파일을 유니코드 형식으로 저장하십시오.
D:\sample_opencv\third_party\opencv_470\build\include\opencv2\core.hpp(1747,1): warning C4819: 현재 코드 페이지(949)에서 표시할 수 없는 문자가 파일에 들어 있습니다. 데이터가 손실되지 않게 하려면 해당 파일을 유니코드 형식으로 저장하십시오.
D:\sample_opencv\third_party\opencv_470\build\include\opencv2\core.hpp(1747,1): warning C4819: 현재 코드 페이지(949)에서 표시할 수 없는 문자가 파일에 들어 있습니다. 데이터가 손실되지 않게 하려면 해당 파일을 유니코드 형식으로 저장하십시오.
D:\sample_opencv\third_party\opencv_470\build\include\opencv2\objdetect\aruco_board.hpp(1,1): warning C4819: 현재 코드 페이지(949)에서 표시할 수 없는 문자가 파일에 들어 있습니다. 데이터가 손실되지 않게 하려면 해당 파일을 유니코드 형식으로 저장하십시오.
D:\sample_opencv\OpenCVAppGUI\OpenCVAppGUI\OpenCVAppGUIDlg.cpp(638,51): warning C4267: '인수': 'size_t'에서 '_Tp'(으)로 변환하면서 데이터가 손실될 수 있습니다.
          with
          [
              _Tp=int
          ]
D:\sample_opencv\OpenCVAppGUI\OpenCVAppGUI\OpenCVAppGUIDlg.cpp(645,52): warning C4267: '인수': 'size_t'에서 '_Tp'(으)로 변환하면서 데이터가 손실될 수 있습니다.
          with
          [
              _Tp=int
          ]
D:\sample_opencv\OpenCVAppGUI\OpenCVAppGUI\OpenCVAppGUIDlg.cpp(654,50): warning C4267: '인수': 'size_t'에서 '_Tp'(으)로 변환하면서 데이터가 손실될 수 있습니다.
          with
          [
              _Tp=int
          ]
D:\sample_opencv\OpenCVAppGUI\OpenCVAppGUI\OpenCVAppGUIDlg.cpp(661,50): warning C4267: '인수': 'size_t'에서 '_Tp'(으)로 변환하면서 데이터가 손실될 수 있습니다.
          with
          [
              _Tp=int
          ]
D:\sample_opencv\OpenCVAppGUI\OpenCVAppGUI\OpenCVAppGUIDlg.cpp(814,20): warning C4267: '=': 'size_t'에서 'int'(으)로 변환하면서 데이터가 손실될 수 있습니다.
D:\sample_opencv\OpenCVAppGUI\OpenCVAppGUI\OpenCVAppGUIDlg.cpp(819,23): warning C4267: '=': 'size_t'에서 'int'(으)로 변환하면서 데이터가 손실될 수 있습니다.
D:\sample_opencv\OpenCVAppGUI\OpenCVAppGUI\OpenCVAppGUIDlg.cpp(824,22): warning C4267: '=': 'size_t'에서 'int'(으)로 변환하면서 데이터가 손실될 수 있습니다.
D:\sample_opencv\OpenCVAppGUI\OpenCVAppGUI\OpenCVAppGUIDlg.cpp(911,31): warning C4267: '인수': 'size_t'에서 '_Ty'(으)로 변환하면서 데이터가 손실될 수 있습니다.
          with
          [
              _Ty=int
          ]
D:\sample_opencv\OpenCVAppGUI\OpenCVAppGUI\OpenCVAppGUIDlg.cpp(916,32): warning C4267: '인수': 'size_t'에서 '_Ty'(으)로 변환하면서 데이터가 손실될 수 있습니다.
          with
          [
              _Ty=int
          ]
D:\sample_opencv\OpenCVAppGUI\OpenCVAppGUI\OpenCVAppGUIDlg.cpp(921,29): warning C4267: '인수': 'size_t'에서 '_Ty'(으)로 변환하면서 데이터가 손실될 수 있습니다.
          with
          [
              _Ty=int
          ]
D:\sample_opencv\OpenCVAppGUI\OpenCVAppGUI\OpenCVAppGUIDlg.cpp(1081,40): warning C4267: '초기화 중': 'size_t'에서 'int'(으)로 변환하면서 데이터가 손실될 수 있습니다.
D:\sample_opencv\OpenCVAppGUI\OpenCVAppGUI\OpenCVAppGUIDlg.cpp(1087,34): warning C4267: '인수': 'size_t'에서 '_Tp'(으)로 변환하면서 데이터가 손실될 수 있습니다.
          with
          [
              _Tp=int
          ]
D:\sample_opencv\OpenCVAppGUI\OpenCVAppGUI\OpenCVAppGUIDlg.cpp(1091,33): warning C4267: '인수': 'size_t'에서 '_Tp'(으)로 변환하면서 데이터가 손실될 수 있습니다.
          with
          [
              _Tp=int
          ]
D:\sample_opencv\OpenCVAppGUI\OpenCVAppGUI\OpenCVAppGUIDlg.cpp(1412,41): warning C4267: '초기화 중': 'size_t'에서 'int'(으)로 변환하면서 데이터가 손실될 수 있습니다.
D:\sample_opencv\OpenCVAppGUI\OpenCVAppGUI\OpenCVAppGUIDlg.cpp(1430,9): warning C4244: '초기화 중': 'double'에서 'int'(으)로 변환하면서 데이터가 손실될 수 있습니다.
D:\sample_opencv\OpenCVAppGUI\OpenCVAppGUI\OpenCVAppGUIDlg.cpp(1444,41): warning C4267: '초기화 중': 'size_t'에서 'int'(으)로 변환하면서 데이터가 손실될 수 있습니다.
D:\sample_opencv\OpenCVAppGUI\OpenCVAppGUI\OpenCVAppGUIDlg.cpp(1455,9): warning C4244: '초기화 중': 'double'에서 'int'(으)로 변환하면서 데이터가 손실될 수 있습니다.
D:\sample_opencv\OpenCVAppGUI\OpenCVAppGUI\OpenCVAppGUIDlg.cpp(1511,60): warning C4244: '=': 'double'에서 'uchar'(으)로 변환하면서 데이터가 손실될 수 있습니다.
  OpenCVAppGUI.vcxproj -> D:\sample_opencv\OpenCVAppGUI\Build\x64\OpenCVAppGUId.exe
