d:\sample_opencv\opencvapp\opencvapp\x64\debug\vc143.pdb
d:\sample_opencv\opencvapp\opencvapp\x64\debug\vc143.idb
d:\sample_opencv\opencvapp\opencvapp\x64\debug\triangle.obj
d:\sample_opencv\opencvapp\opencvapp\x64\debug\shape.obj
d:\sample_opencv\opencvapp\opencvapp\x64\debug\rectangle.obj
d:\sample_opencv\opencvapp\opencvapp\x64\debug\polygone.obj
d:\sample_opencv\opencvapp\opencvapp\x64\debug\employee.obj
d:\sample_opencv\opencvapp\opencvapp\x64\debug\circle.obj
d:\sample_opencv\opencvapp\opencvapp\x64\debug\studentscore_as.obj
d:\sample_opencv\opencvapp\opencvapp\x64\debug\studentscore1_0.obj
d:\sample_opencv\opencvapp\opencvapp\x64\debug\studentscore.obj
d:\sample_opencv\opencvapp\opencvapp\x64\debug\kphone.obj
d:\sample_opencv\opencvapp\opencvapp\x64\debug\calc.obj
d:\sample_opencv\opencvapp\opencvapp\x64\debug\11.c++_class_shape.obj
d:\sample_opencv\opencvapp\opencvapp\x64\debug\shape_dll_exe.obj
d:\sample_opencv\opencvapp\buildx64\debug\opencvappd.exe
d:\sample_opencv\opencvapp\opencvapp\x64\debug\opencvappd.ilk
d:\sample_opencv\opencvapp\buildx64\debug\opencvappd.pdb
d:\sample_opencv\opencvapp\opencvapp\x64\debug\opencvapp.res
d:\sample_opencv\opencvapp\opencvapp\x64\debug\opencvapp.tlog\cl.command.1.tlog
d:\sample_opencv\opencvapp\opencvapp\x64\debug\opencvapp.tlog\cl.read.1.tlog
d:\sample_opencv\opencvapp\opencvapp\x64\debug\opencvapp.tlog\cl.write.1.tlog
d:\sample_opencv\opencvapp\opencvapp\x64\debug\opencvapp.tlog\link.9580.read.1.tlog
d:\sample_opencv\opencvapp\opencvapp\x64\debug\opencvapp.tlog\link.9580.read.2.tlog
d:\sample_opencv\opencvapp\opencvapp\x64\debug\opencvapp.tlog\link.9580.write.1.tlog
d:\sample_opencv\opencvapp\opencvapp\x64\debug\opencvapp.tlog\link.command.1.tlog
d:\sample_opencv\opencvapp\opencvapp\x64\debug\opencvapp.tlog\link.read.1.tlog
d:\sample_opencv\opencvapp\opencvapp\x64\debug\opencvapp.tlog\link.read.2.tlog
d:\sample_opencv\opencvapp\opencvapp\x64\debug\opencvapp.tlog\link.read.3.tlog
d:\sample_opencv\opencvapp\opencvapp\x64\debug\opencvapp.tlog\link.write.1.tlog
d:\sample_opencv\opencvapp\opencvapp\x64\debug\opencvapp.tlog\rc.command.1.tlog
d:\sample_opencv\opencvapp\opencvapp\x64\debug\opencvapp.tlog\rc.read.1.tlog
d:\sample_opencv\opencvapp\opencvapp\x64\debug\opencvapp.tlog\rc.write.1.tlog
